-------------------------------------------
Batch: 0
-------------------------------------------
+--------+-----+-----+---------+
|customer|score|email|birthYear|
+--------+-----+-----+---------+
+--------+-----+-----+---------+

-------------------------------------------
Batch: 1
-------------------------------------------
+--------+-----+-----+---------+
|customer|score|email|birthYear|
+--------+-----+-----+---------+
+--------+-----+-----+---------+

-------------------------------------------
Batch: 2
-------------------------------------------
+--------+-----+-----+---------+
|customer|score|email|birthYear|
+--------+-----+-----+---------+
+--------+-----+-----+---------+

-------------------------------------------
Batch: 3
-------------------------------------------
+--------------------+-----+--------------------+---------+
|            customer|score|               email|birthYear|
+--------------------+-----+--------------------+---------+
|Larry.Jones@test.com| -5.0|Larry.Jones@test.com|     1964|
|   Chris.Wu@test.com| 12.0|   Chris.Wu@test.com|     1965|
+--------------------+-----+--------------------+---------+

-------------------------------------------
Batch: 4
-------------------------------------------
+--------------------+-----+--------------------+---------+
|            customer|score|               email|birthYear|
+--------------------+-----+--------------------+---------+
|Neeraj.Clayton@te...|-10.5|Neeraj.Clayton@te...|     1963|
|Suresh.Abram@test...| -2.0|Suresh.Abram@test...|     1957|
|Edward.Sanchez@te...| 28.5|Edward.Sanchez@te...|     1961|
|Craig.Jackson@tes...| -3.0|Craig.Jackson@tes...|     1950|
|Jason.Clayton@tes...| -4.0|Jason.Clayton@tes...|     1955|
| Jane.Mitra@test.com| 24.0| Jane.Mitra@test.com|     1948|
|  Sean.Huey@test.com| 31.0|  Sean.Huey@test.com|     1947|
|  Dan.Doshi@test.com| 12.0|  Dan.Doshi@test.com|     1949|
|Suresh.Anandh@tes...| -2.5|Suresh.Anandh@tes...|     1958|
|Ben.Anderson@test...| -4.0|Ben.Anderson@test...|     1960|
+--------------------+-----+--------------------+---------+

-------------------------------------------
Batch: 5
-------------------------------------------
+--------------------+-----+--------------------+---------+
|            customer|score|               email|birthYear|
+--------------------+-----+--------------------+---------+
|Jerry.Jones@test.com|-14.5|Jerry.Jones@test.com|     1938|
|Ben.Staples@test.com| 10.5|Ben.Staples@test.com|     1945|
|Santosh.Mitra@tes...| -6.5|Santosh.Mitra@tes...|     1944|
|Santosh.Lincoln@t...|-20.5|Santosh.Lincoln@t...|     1941|
|Edward.Jones@test...|-21.5|Edward.Jones@test...|     1943|
|Chris.Harris@test...|-15.5|Chris.Harris@test...|     1937|
|Sarah.Staples@tes...| 30.0|Sarah.Staples@tes...|     1940|
|   Chris.Wu@test.com|-10.0|   Chris.Wu@test.com|     1965|
+--------------------+-----+--------------------+---------+

