-------------------------------------------
Batch: 0
-------------------------------------------
+--------------------+---------+
|               email|birthYear|
+--------------------+---------+
|   sam.test@test.com|     2001|
|         jen@jen.com|     1990|
|Jane.Howard@test.com|     1965|
|Frank.Abram@test.com|     1964|
|Ashley.Doshi@test...|     1963|
|Eric.Fibonnaci@te...|     1962|
|Travis.Jefferson@...|     1961|
|Gail.Staples@test...|     1960|
|Santosh.Jefferson...|     1959|
|Ben.Jackson@test.com|     1958|
|  Dan.Jones@test.com|     1957|
|Ben.Spencer@test.com|     1956|
|Suresh.Mitra@test...|     1955|
|Bobby.Mitra@test.com|     1954|
|Senthil.Jefferson...|     1953|
| Eric.Doshi@test.com|     1952|
|Sarah.Sanchez@tes...|     1951|
| Lyn.Harris@test.com|     1950|
|Santosh.Jones@tes...|     1949|
|Larry.Jackson@tes...|     1948|
+--------------------+---------+
only showing top 20 rows

-------------------------------------------
Batch: 1
-------------------------------------------
+-----+---------+
|email|birthYear|
+-----+---------+
+-----+---------+

-------------------------------------------
Batch: 2
-------------------------------------------
+-----+---------+
|email|birthYear|
+-----+---------+
+-----+---------+

-------------------------------------------
Batch: 3
-------------------------------------------
+-----+---------+
|email|birthYear|
+-----+---------+
+-----+---------+

-------------------------------------------
Batch: 4
-------------------------------------------
+-----+---------+
|email|birthYear|
+-----+---------+
+-----+---------+

